# JRE version: Java(TM) SE Runtime Environment (8.0_66-b18) (build 1.8.0_66-b18)
# Java VM: Java HotSpot(TM) 64-Bit Server VM (25.66-b18 mixed mode windows-amd64 compressed oops)
Heap:
 PSYoungGen      total 53760K, used 18811K [0x00000007bc400000, 0x00000007c0000000, 0x00000007c0000000)
  eden space 46080K, 24% used [0x00000007bc400000,0x00000007bcee5cf8,0x00000007bf100000)
  from space 7680K, 99% used [0x00000007bf880000,0x00000007bfff9048,0x00000007c0000000)
  to   space 7680K, 0% used [0x00000007bf100000,0x00000007bf100000,0x00000007bf880000)
 ParOldGen       total 102400K, used 19148K [0x0000000700000000, 0x0000000706400000, 0x00000007bc400000)
  object space 102400K, 18% used [0x0000000700000000,0x00000007012b3340,0x0000000706400000)
 Metaspace       used 32267K, capacity 32590K, committed 33024K, reserved 1077248K
  class space    used 4414K, capacity 4487K, committed 4608K, reserved 1048576K
GC Heap History (10 events):
Event: 1.115 GC heap before
{Heap before GC invocations=1 (full 0):
 PSYoungGen      total 53760K, used 46080K [0x00000007bc400000, 0x00000007c0000000, 0x00000007c0000000)
  eden space 46080K, 100% used [0x00000007bc400000,0x00000007bf100000,0x00000007bf100000)
  from space 7680K, 0% used [0x00000007bf880000,0x00000007bf880000,0x00000007c0000000)
  to   space 7680K, 0% used [0x00000007bf100000,0x00000007bf100000,0x00000007bf880000)
 ParOldGen       total 69632K, used 0K [0x0000000700000000, 0x0000000704400000, 0x00000007bc400000)
  object space 69632K, 0% used [0x0000000700000000,0x0000000700000000,0x0000000704400000)
 Metaspace       used 12548K, capacity 12734K, committed 12928K, reserved 1060864K
  class space    used 1232K, capacity 1291K, committed 1408K, reserved 1048576K
Event: 1.119 GC heap after
Heap after GC invocations=1 (full 0):
 PSYoungGen      total 53760K, used 7679K [0x00000007bc400000, 0x00000007c0000000, 0x00000007c0000000)
  eden space 46080K, 0% used [0x00000007bc400000,0x00000007bc400000,0x00000007bf100000)
  from space 7680K, 99% used [0x00000007bf100000,0x00000007bf87ffb0,0x00000007bf880000)
  to   space 7680K, 0% used [0x00000007bf880000,0x00000007bf880000,0x00000007c0000000)
 ParOldGen       total 69632K, used 1095K [0x0000000700000000, 0x0000000704400000, 0x00000007bc400000)
  object space 69632K, 1% used [0x0000000700000000,0x0000000700111f40,0x0000000704400000)
 Metaspace       used 12548K, capacity 12734K, committed 12928K, reserved 1060864K
  class space    used 1232K, capacity 1291K, committed 1408K, reserved 1048576K
}
Event: 1.710 GC heap before
{Heap before GC invocations=2 (full 0):
 PSYoungGen      total 53760K, used 42971K [0x00000007bc400000, 0x00000007c0000000, 0x00000007c0000000)
  eden space 46080K, 76% used [0x00000007bc400000,0x00000007be676dc0,0x00000007bf100000)
  from space 7680K, 99% used [0x00000007bf100000,0x00000007bf87ffb0,0x00000007bf880000)
  to   space 7680K, 0% used [0x00000007bf880000,0x00000007bf880000,0x00000007c0000000)
 ParOldGen       total 69632K, used 1095K [0x0000000700000000, 0x0000000704400000, 0x00000007bc400000)
  object space 69632K, 1% used [0x0000000700000000,0x0000000700111f40,0x0000000704400000)
 Metaspace       used 20898K, capacity 21084K, committed 21296K, reserved 1069056K
  class space    used 2581K, capacity 2643K, committed 2688K, reserved 1048576K
Event: 1.715 GC heap after
Heap after GC invocations=2 (full 0):
 PSYoungGen      total 53760K, used 7678K [0x00000007bc400000, 0x00000007c0000000, 0x00000007c0000000)
  eden space 46080K, 0% used [0x00000007bc400000,0x00000007bc400000,0x00000007bf100000)
  from space 7680K, 99% used [0x00000007bf880000,0x00000007bffff970,0x00000007c0000000)
  to   space 7680K, 0% used [0x00000007bf100000,0x00000007bf100000,0x00000007bf880000)
 ParOldGen       total 69632K, used 7651K [0x0000000700000000, 0x0000000704400000, 0x00000007bc400000)
  object space 69632K, 10% used [0x0000000700000000,0x0000000700778d20,0x0000000704400000)
 Metaspace       used 20898K, capacity 21084K, committed 21296K, reserved 1069056K
  class space    used 2581K, capacity 2643K, committed 2688K, reserved 1048576K
}
Event: 1.715 GC heap before
{Heap before GC invocations=3 (full 1):
 PSYoungGen      total 53760K, used 7678K [0x00000007bc400000, 0x00000007c0000000, 0x00000007c0000000)
  eden space 46080K, 0% used [0x00000007bc400000,0x00000007bc400000,0x00000007bf100000)
  from space 7680K, 99% used [0x00000007bf880000,0x00000007bffff970,0x00000007c0000000)
  to   space 7680K, 0% used [0x00000007bf100000,0x00000007bf100000,0x00000007bf880000)
 ParOldGen       total 69632K, used 7651K [0x0000000700000000, 0x0000000704400000, 0x00000007bc400000)
  object space 69632K, 10% used [0x0000000700000000,0x0000000700778d20,0x0000000704400000)
 Metaspace       used 20898K, capacity 21084K, committed 21296K, reserved 1069056K
  class space    used 2581K, capacity 2643K, committed 2688K, reserved 1048576K
Event: 1.754 GC heap after
Heap after GC invocations=3 (full 1):
 PSYoungGen      total 53760K, used 0K [0x00000007bc400000, 0x00000007c0000000, 0x00000007c0000000)
  eden space 46080K, 0% used [0x00000007bc400000,0x00000007bc400000,0x00000007bf100000)
  from space 7680K, 0% used [0x00000007bf880000,0x00000007bf880000,0x00000007c0000000)
  to   space 7680K, 0% used [0x00000007bf100000,0x00000007bf100000,0x00000007bf880000)
 ParOldGen       total 102400K, used 12535K [0x0000000700000000, 0x0000000706400000, 0x00000007bc400000)
  object space 102400K, 12% used [0x0000000700000000,0x0000000700c3de70,0x0000000706400000)
 Metaspace       used 20898K, capacity 21084K, committed 21296K, reserved 1069056K
  class space    used 2581K, capacity 2643K, committed 2688K, reserved 1048576K
}
Event: 2.146 GC heap before
{Heap before GC invocations=4 (full 1):
 PSYoungGen      total 53760K, used 46080K [0x00000007bc400000, 0x00000007c0000000, 0x00000007c0000000)
  eden space 46080K, 100% used [0x00000007bc400000,0x00000007bf100000,0x00000007bf100000)
  from space 7680K, 0% used [0x00000007bf880000,0x00000007bf880000,0x00000007c0000000)
  to   space 7680K, 0% used [0x00000007bf100000,0x00000007bf100000,0x00000007bf880000)
 ParOldGen       total 102400K, used 12535K [0x0000000700000000, 0x0000000706400000, 0x00000007bc400000)
  object space 102400K, 12% used [0x0000000700000000,0x0000000700c3de70,0x0000000706400000)
 Metaspace       used 26703K, capacity 27049K, committed 27392K, reserved 1073152K
  class space    used 3389K, capacity 3486K, committed 3584K, reserved 1048576K
Event: 2.150 GC heap after
Heap after GC invocations=4 (full 1):
 PSYoungGen      total 53760K, used 7677K [0x00000007bc400000, 0x00000007c0000000, 0x00000007c0000000)
  eden space 46080K, 0% used [0x00000007bc400000,0x00000007bc400000,0x00000007bf100000)
  from space 7680K, 99% used [0x00000007bf100000,0x00000007bf87f608,0x00000007bf880000)
  to   space 7680K, 0% used [0x00000007bf880000,0x00000007bf880000,0x00000007c0000000)
 ParOldGen       total 102400K, used 14792K [0x0000000700000000, 0x0000000706400000, 0x00000007bc400000)
  object space 102400K, 14% used [0x0000000700000000,0x0000000700e720a8,0x0000000706400000)
 Metaspace       used 26703K, capacity 27049K, committed 27392K, reserved 1073152K
  class space    used 3389K, capacity 3486K, committed 3584K, reserved 1048576K
}
Event: 2.476 GC heap before
{Heap before GC invocations=5 (full 1):
 PSYoungGen      total 53760K, used 53757K [0x00000007bc400000, 0x00000007c0000000, 0x00000007c0000000)
  eden space 46080K, 100% used [0x00000007bc400000,0x00000007bf100000,0x00000007bf100000)
  from space 7680K, 99% used [0x00000007bf100000,0x00000007bf87f608,0x00000007bf880000)
  to   space 7680K, 0% used [0x00000007bf880000,0x00000007bf880000,0x00000007c0000000)
 ParOldGen       total 102400K, used 14792K [0x0000000700000000, 0x0000000706400000, 0x00000007bc400000)
  object space 102400K, 14% used [0x0000000700000000,0x0000000700e720a8,0x0000000706400000)
 Metaspace       used 29956K, capacity 30261K, committed 30464K, reserved 1075200K
  class space    used 4002K, capacity 4068K, committed 4096K, reserved 1048576K
Event: 2.480 GC heap after
Heap after GC invocations=5 (full 1):
 PSYoungGen      total 53760K, used 7652K [0x00000007bc400000, 0x00000007c0000000, 0x00000007c0000000)
  eden space 46080K, 0% used [0x00000007bc400000,0x00000007bc400000,0x00000007bf100000)
  from space 7680K, 99% used [0x00000007bf880000,0x00000007bfff9048,0x00000007c0000000)
  to   space 7680K, 0% used [0x00000007bf100000,0x00000007bf100000,0x00000007bf880000)
 ParOldGen       total 102400K, used 19148K [0x0000000700000000, 0x0000000706400000, 0x00000007bc400000)
  object space 102400K, 18% used [0x0000000700000000,0x00000007012b3340,0x0000000706400000)
 Metaspace       used 29956K, capacity 30261K, committed 30464K, reserved 1075200K
  class space    used 4002K, capacity 4068K, committed 4096K, reserved 1048576K
}

