# JRE version: Java(TM) SE Runtime Environment (8.0_66-b18) (build 1.8.0_66-b18)
# Java VM: Java HotSpot(TM) 64-Bit Server VM (25.66-b18 mixed mode windows-amd64 compressed oops)
Heap:
 PSYoungGen      total 53760K, used 19052K [0x00000007bc400000, 0x00000007c0000000, 0x00000007c0000000)
  eden space 46080K, 24% used [0x00000007bc400000,0x00000007bcf22300,0x00000007bf100000)
  from space 7680K, 99% used [0x00000007bf880000,0x00000007bfff9048,0x00000007c0000000)
  to   space 7680K, 0% used [0x00000007bf100000,0x00000007bf100000,0x00000007bf880000)
 ParOldGen       total 102400K, used 18035K [0x0000000700000000, 0x0000000706400000, 0x00000007bc400000)
  object space 102400K, 17% used [0x0000000700000000,0x000000070119cdd0,0x0000000706400000)
 Metaspace       used 32251K, capacity 32526K, committed 32768K, reserved 1077248K
  class space    used 4409K, capacity 4487K, committed 4608K, reserved 1048576K
GC Heap History (10 events):
Event: 0.663 GC heap before
{Heap before GC invocations=1 (full 0):
 PSYoungGen      total 53760K, used 46080K [0x00000007bc400000, 0x00000007c0000000, 0x00000007c0000000)
  eden space 46080K, 100% used [0x00000007bc400000,0x00000007bf100000,0x00000007bf100000)
  from space 7680K, 0% used [0x00000007bf880000,0x00000007bf880000,0x00000007c0000000)
  to   space 7680K, 0% used [0x00000007bf100000,0x00000007bf100000,0x00000007bf880000)
 ParOldGen       total 69632K, used 0K [0x0000000700000000, 0x0000000704400000, 0x00000007bc400000)
  object space 69632K, 0% used [0x0000000700000000,0x0000000700000000,0x0000000704400000)
 Metaspace       used 11948K, capacity 12158K, committed 12288K, reserved 1060864K
  class space    used 1160K, capacity 1227K, committed 1280K, reserved 1048576K
Event: 0.667 GC heap after
Heap after GC invocations=1 (full 0):
 PSYoungGen      total 53760K, used 7660K [0x00000007bc400000, 0x00000007c0000000, 0x00000007c0000000)
  eden space 46080K, 0% used [0x00000007bc400000,0x00000007bc400000,0x00000007bf100000)
  from space 7680K, 99% used [0x00000007bf100000,0x00000007bf87b270,0x00000007bf880000)
  to   space 7680K, 0% used [0x00000007bf880000,0x00000007bf880000,0x00000007c0000000)
 ParOldGen       total 69632K, used 1128K [0x0000000700000000, 0x0000000704400000, 0x00000007bc400000)
  object space 69632K, 1% used [0x0000000700000000,0x000000070011a338,0x0000000704400000)
 Metaspace       used 11948K, capacity 12158K, committed 12288K, reserved 1060864K
  class space    used 1160K, capacity 1227K, committed 1280K, reserved 1048576K
}
Event: 1.030 GC heap before
{Heap before GC invocations=2 (full 0):
 PSYoungGen      total 53760K, used 43484K [0x00000007bc400000, 0x00000007c0000000, 0x00000007c0000000)
  eden space 46080K, 77% used [0x00000007bc400000,0x00000007be6fbd98,0x00000007bf100000)
  from space 7680K, 99% used [0x00000007bf100000,0x00000007bf87b270,0x00000007bf880000)
  to   space 7680K, 0% used [0x00000007bf880000,0x00000007bf880000,0x00000007c0000000)
 ParOldGen       total 69632K, used 1128K [0x0000000700000000, 0x0000000704400000, 0x00000007bc400000)
  object space 69632K, 1% used [0x0000000700000000,0x000000070011a338,0x0000000704400000)
 Metaspace       used 20909K, capacity 21084K, committed 21296K, reserved 1069056K
  class space    used 2582K, capacity 2643K, committed 2688K, reserved 1048576K
Event: 1.036 GC heap after
Heap after GC invocations=2 (full 0):
 PSYoungGen      total 53760K, used 7667K [0x00000007bc400000, 0x00000007c0000000, 0x00000007c0000000)
  eden space 46080K, 0% used [0x00000007bc400000,0x00000007bc400000,0x00000007bf100000)
  from space 7680K, 99% used [0x00000007bf880000,0x00000007bfffcfa8,0x00000007c0000000)
  to   space 7680K, 0% used [0x00000007bf100000,0x00000007bf100000,0x00000007bf880000)
 ParOldGen       total 69632K, used 6319K [0x0000000700000000, 0x0000000704400000, 0x00000007bc400000)
  object space 69632K, 9% used [0x0000000700000000,0x000000070062be50,0x0000000704400000)
 Metaspace       used 20909K, capacity 21084K, committed 21296K, reserved 1069056K
  class space    used 2582K, capacity 2643K, committed 2688K, reserved 1048576K
}
Event: 1.036 GC heap before
{Heap before GC invocations=3 (full 1):
 PSYoungGen      total 53760K, used 7667K [0x00000007bc400000, 0x00000007c0000000, 0x00000007c0000000)
  eden space 46080K, 0% used [0x00000007bc400000,0x00000007bc400000,0x00000007bf100000)
  from space 7680K, 99% used [0x00000007bf880000,0x00000007bfffcfa8,0x00000007c0000000)
  to   space 7680K, 0% used [0x00000007bf100000,0x00000007bf100000,0x00000007bf880000)
 ParOldGen       total 69632K, used 6319K [0x0000000700000000, 0x0000000704400000, 0x00000007bc400000)
  object space 69632K, 9% used [0x0000000700000000,0x000000070062be50,0x0000000704400000)
 Metaspace       used 20909K, capacity 21084K, committed 21296K, reserved 1069056K
  class space    used 2582K, capacity 2643K, committed 2688K, reserved 1048576K
Event: 1.085 GC heap after
Heap after GC invocations=3 (full 1):
 PSYoungGen      total 53760K, used 0K [0x00000007bc400000, 0x00000007c0000000, 0x00000007c0000000)
  eden space 46080K, 0% used [0x00000007bc400000,0x00000007bc400000,0x00000007bf100000)
  from space 7680K, 0% used [0x00000007bf880000,0x00000007bf880000,0x00000007c0000000)
  to   space 7680K, 0% used [0x00000007bf100000,0x00000007bf100000,0x00000007bf880000)
 ParOldGen       total 102400K, used 12547K [0x0000000700000000, 0x0000000706400000, 0x00000007bc400000)
  object space 102400K, 12% used [0x0000000700000000,0x0000000700c40d10,0x0000000706400000)
 Metaspace       used 20909K, capacity 21084K, committed 21296K, reserved 1069056K
  class space    used 2582K, capacity 2643K, committed 2688K, reserved 1048576K
}
Event: 1.420 GC heap before
{Heap before GC invocations=4 (full 1):
 PSYoungGen      total 53760K, used 46080K [0x00000007bc400000, 0x00000007c0000000, 0x00000007c0000000)
  eden space 46080K, 100% used [0x00000007bc400000,0x00000007bf100000,0x00000007bf100000)
  from space 7680K, 0% used [0x00000007bf880000,0x00000007bf880000,0x00000007c0000000)
  to   space 7680K, 0% used [0x00000007bf100000,0x00000007bf100000,0x00000007bf880000)
 ParOldGen       total 102400K, used 12547K [0x0000000700000000, 0x0000000706400000, 0x00000007bc400000)
  object space 102400K, 12% used [0x0000000700000000,0x0000000700c40d10,0x0000000706400000)
 Metaspace       used 26512K, capacity 26761K, committed 27008K, reserved 1073152K
  class space    used 3359K, capacity 3454K, committed 3456K, reserved 1048576K
Event: 1.423 GC heap after
Heap after GC invocations=4 (full 1):
 PSYoungGen      total 53760K, used 7676K [0x00000007bc400000, 0x00000007c0000000, 0x00000007c0000000)
  eden space 46080K, 0% used [0x00000007bc400000,0x00000007bc400000,0x00000007bf100000)
  from space 7680K, 99% used [0x00000007bf100000,0x00000007bf87f318,0x00000007bf880000)
  to   space 7680K, 0% used [0x00000007bf880000,0x00000007bf880000,0x00000007c0000000)
 ParOldGen       total 102400K, used 13667K [0x0000000700000000, 0x0000000706400000, 0x00000007bc400000)
  object space 102400K, 13% used [0x0000000700000000,0x0000000700d58d90,0x0000000706400000)
 Metaspace       used 26512K, capacity 26761K, committed 27008K, reserved 1073152K
  class space    used 3359K, capacity 3454K, committed 3456K, reserved 1048576K
}
Event: 1.717 GC heap before
{Heap before GC invocations=5 (full 1):
 PSYoungGen      total 53760K, used 53756K [0x00000007bc400000, 0x00000007c0000000, 0x00000007c0000000)
  eden space 46080K, 100% used [0x00000007bc400000,0x00000007bf100000,0x00000007bf100000)
  from space 7680K, 99% used [0x00000007bf100000,0x00000007bf87f318,0x00000007bf880000)
  to   space 7680K, 0% used [0x00000007bf880000,0x00000007bf880000,0x00000007c0000000)
 ParOldGen       total 102400K, used 13667K [0x0000000700000000, 0x0000000706400000, 0x00000007bc400000)
  object space 102400K, 13% used [0x0000000700000000,0x0000000700d58d90,0x0000000706400000)
 Metaspace       used 29941K, capacity 30197K, committed 30464K, reserved 1075200K
  class space    used 3998K, capacity 4068K, committed 4096K, reserved 1048576K
Event: 1.721 GC heap after
Heap after GC invocations=5 (full 1):
 PSYoungGen      total 53760K, used 7652K [0x00000007bc400000, 0x00000007c0000000, 0x00000007c0000000)
  eden space 46080K, 0% used [0x00000007bc400000,0x00000007bc400000,0x00000007bf100000)
  from space 7680K, 99% used [0x00000007bf880000,0x00000007bfff9048,0x00000007c0000000)
  to   space 7680K, 0% used [0x00000007bf100000,0x00000007bf100000,0x00000007bf880000)
 ParOldGen       total 102400K, used 18035K [0x0000000700000000, 0x0000000706400000, 0x00000007bc400000)
  object space 102400K, 17% used [0x0000000700000000,0x000000070119cdd0,0x0000000706400000)
 Metaspace       used 29941K, capacity 30197K, committed 30464K, reserved 1075200K
  class space    used 3998K, capacity 4068K, committed 4096K, reserved 1048576K
}

