# JRE version: Java(TM) SE Runtime Environment (8.0_66-b18) (build 1.8.0_66-b18)
# Java VM: Java HotSpot(TM) 64-Bit Server VM (25.66-b18 mixed mode windows-amd64 compressed oops)
Heap:
 PSYoungGen      total 53760K, used 18363K [0x00000007bc400000, 0x00000007c0000000, 0x00000007c0000000)
  eden space 46080K, 23% used [0x00000007bc400000,0x00000007bce71c90,0x00000007bf100000)
  from space 7680K, 99% used [0x00000007bf880000,0x00000007bfffd058,0x00000007c0000000)
  to   space 7680K, 0% used [0x00000007bf100000,0x00000007bf100000,0x00000007bf880000)
 ParOldGen       total 102912K, used 18248K [0x0000000700000000, 0x0000000706480000, 0x00000007bc400000)
  object space 102912K, 17% used [0x0000000700000000,0x00000007011d2040,0x0000000706480000)
 Metaspace       used 32285K, capacity 32622K, committed 33024K, reserved 1077248K
  class space    used 4422K, capacity 4519K, committed 4608K, reserved 1048576K
GC Heap History (10 events):
Event: 1.011 GC heap before
{Heap before GC invocations=1 (full 0):
 PSYoungGen      total 53760K, used 46080K [0x00000007bc400000, 0x00000007c0000000, 0x00000007c0000000)
  eden space 46080K, 100% used [0x00000007bc400000,0x00000007bf100000,0x00000007bf100000)
  from space 7680K, 0% used [0x00000007bf880000,0x00000007bf880000,0x00000007c0000000)
  to   space 7680K, 0% used [0x00000007bf100000,0x00000007bf100000,0x00000007bf880000)
 ParOldGen       total 69632K, used 0K [0x0000000700000000, 0x0000000704400000, 0x00000007bc400000)
  object space 69632K, 0% used [0x0000000700000000,0x0000000700000000,0x0000000704400000)
 Metaspace       used 11957K, capacity 12158K, committed 12288K, reserved 1060864K
  class space    used 1160K, capacity 1227K, committed 1280K, reserved 1048576K
Event: 1.015 GC heap after
Heap after GC invocations=1 (full 0):
 PSYoungGen      total 53760K, used 7679K [0x00000007bc400000, 0x00000007c0000000, 0x00000007c0000000)
  eden space 46080K, 0% used [0x00000007bc400000,0x00000007bc400000,0x00000007bf100000)
  from space 7680K, 99% used [0x00000007bf100000,0x00000007bf87fdb0,0x00000007bf880000)
  to   space 7680K, 0% used [0x00000007bf880000,0x00000007bf880000,0x00000007c0000000)
 ParOldGen       total 69632K, used 970K [0x0000000700000000, 0x0000000704400000, 0x00000007bc400000)
  object space 69632K, 1% used [0x0000000700000000,0x00000007000f2890,0x0000000704400000)
 Metaspace       used 11957K, capacity 12158K, committed 12288K, reserved 1060864K
  class space    used 1160K, capacity 1227K, committed 1280K, reserved 1048576K
}
Event: 1.495 GC heap before
{Heap before GC invocations=2 (full 0):
 PSYoungGen      total 53760K, used 43947K [0x00000007bc400000, 0x00000007c0000000, 0x00000007c0000000)
  eden space 46080K, 78% used [0x00000007bc400000,0x00000007be76b170,0x00000007bf100000)
  from space 7680K, 99% used [0x00000007bf100000,0x00000007bf87fdb0,0x00000007bf880000)
  to   space 7680K, 0% used [0x00000007bf880000,0x00000007bf880000,0x00000007c0000000)
 ParOldGen       total 69632K, used 970K [0x0000000700000000, 0x0000000704400000, 0x00000007bc400000)
  object space 69632K, 1% used [0x0000000700000000,0x00000007000f2890,0x0000000704400000)
 Metaspace       used 20895K, capacity 21084K, committed 21296K, reserved 1069056K
  class space    used 2581K, capacity 2643K, committed 2688K, reserved 1048576K
Event: 1.500 GC heap after
Heap after GC invocations=2 (full 0):
 PSYoungGen      total 53760K, used 7662K [0x00000007bc400000, 0x00000007c0000000, 0x00000007c0000000)
  eden space 46080K, 0% used [0x00000007bc400000,0x00000007bc400000,0x00000007bf100000)
  from space 7680K, 99% used [0x00000007bf880000,0x00000007bfffb960,0x00000007c0000000)
  to   space 7680K, 0% used [0x00000007bf100000,0x00000007bf100000,0x00000007bf880000)
 ParOldGen       total 69632K, used 7518K [0x0000000700000000, 0x0000000704400000, 0x00000007bc400000)
  object space 69632K, 10% used [0x0000000700000000,0x0000000700757838,0x0000000704400000)
 Metaspace       used 20895K, capacity 21084K, committed 21296K, reserved 1069056K
  class space    used 2581K, capacity 2643K, committed 2688K, reserved 1048576K
}
Event: 1.501 GC heap before
{Heap before GC invocations=3 (full 1):
 PSYoungGen      total 53760K, used 7662K [0x00000007bc400000, 0x00000007c0000000, 0x00000007c0000000)
  eden space 46080K, 0% used [0x00000007bc400000,0x00000007bc400000,0x00000007bf100000)
  from space 7680K, 99% used [0x00000007bf880000,0x00000007bfffb960,0x00000007c0000000)
  to   space 7680K, 0% used [0x00000007bf100000,0x00000007bf100000,0x00000007bf880000)
 ParOldGen       total 69632K, used 7518K [0x0000000700000000, 0x0000000704400000, 0x00000007bc400000)
  object space 69632K, 10% used [0x0000000700000000,0x0000000700757838,0x0000000704400000)
 Metaspace       used 20895K, capacity 21084K, committed 21296K, reserved 1069056K
  class space    used 2581K, capacity 2643K, committed 2688K, reserved 1048576K
Event: 1.542 GC heap after
Heap after GC invocations=3 (full 1):
 PSYoungGen      total 53760K, used 0K [0x00000007bc400000, 0x00000007c0000000, 0x00000007c0000000)
  eden space 46080K, 0% used [0x00000007bc400000,0x00000007bc400000,0x00000007bf100000)
  from space 7680K, 0% used [0x00000007bf880000,0x00000007bf880000,0x00000007c0000000)
  to   space 7680K, 0% used [0x00000007bf100000,0x00000007bf100000,0x00000007bf880000)
 ParOldGen       total 102912K, used 12536K [0x0000000700000000, 0x0000000706480000, 0x00000007bc400000)
  object space 102912K, 12% used [0x0000000700000000,0x0000000700c3e170,0x0000000706480000)
 Metaspace       used 20895K, capacity 21084K, committed 21296K, reserved 1069056K
  class space    used 2581K, capacity 2643K, committed 2688K, reserved 1048576K
}
Event: 1.912 GC heap before
{Heap before GC invocations=4 (full 1):
 PSYoungGen      total 53760K, used 46080K [0x00000007bc400000, 0x00000007c0000000, 0x00000007c0000000)
  eden space 46080K, 100% used [0x00000007bc400000,0x00000007bf100000,0x00000007bf100000)
  from space 7680K, 0% used [0x00000007bf880000,0x00000007bf880000,0x00000007c0000000)
  to   space 7680K, 0% used [0x00000007bf100000,0x00000007bf100000,0x00000007bf880000)
 ParOldGen       total 102912K, used 12536K [0x0000000700000000, 0x0000000706480000, 0x00000007bc400000)
  object space 102912K, 12% used [0x0000000700000000,0x0000000700c3e170,0x0000000706480000)
 Metaspace       used 26631K, capacity 26953K, committed 27264K, reserved 1073152K
  class space    used 3376K, capacity 3454K, committed 3456K, reserved 1048576K
Event: 1.915 GC heap after
Heap after GC invocations=4 (full 1):
 PSYoungGen      total 53760K, used 7672K [0x00000007bc400000, 0x00000007c0000000, 0x00000007c0000000)
  eden space 46080K, 0% used [0x00000007bc400000,0x00000007bc400000,0x00000007bf100000)
  from space 7680K, 99% used [0x00000007bf100000,0x00000007bf87e398,0x00000007bf880000)
  to   space 7680K, 0% used [0x00000007bf880000,0x00000007bf880000,0x00000007c0000000)
 ParOldGen       total 102912K, used 13738K [0x0000000700000000, 0x0000000706480000, 0x00000007bc400000)
  object space 102912K, 13% used [0x0000000700000000,0x0000000700d6ab58,0x0000000706480000)
 Metaspace       used 26631K, capacity 26953K, committed 27264K, reserved 1073152K
  class space    used 3376K, capacity 3454K, committed 3456K, reserved 1048576K
}
Event: 2.262 GC heap before
{Heap before GC invocations=5 (full 1):
 PSYoungGen      total 53760K, used 53752K [0x00000007bc400000, 0x00000007c0000000, 0x00000007c0000000)
  eden space 46080K, 100% used [0x00000007bc400000,0x00000007bf100000,0x00000007bf100000)
  from space 7680K, 99% used [0x00000007bf100000,0x00000007bf87e398,0x00000007bf880000)
  to   space 7680K, 0% used [0x00000007bf880000,0x00000007bf880000,0x00000007c0000000)
 ParOldGen       total 102912K, used 13738K [0x0000000700000000, 0x0000000706480000, 0x00000007bc400000)
  object space 102912K, 13% used [0x0000000700000000,0x0000000700d6ab58,0x0000000706480000)
 Metaspace       used 30118K, capacity 30453K, committed 30848K, reserved 1075200K
  class space    used 4053K, capacity 4132K, committed 4224K, reserved 1048576K
Event: 2.267 GC heap after
Heap after GC invocations=5 (full 1):
 PSYoungGen      total 53760K, used 7668K [0x00000007bc400000, 0x00000007c0000000, 0x00000007c0000000)
  eden space 46080K, 0% used [0x00000007bc400000,0x00000007bc400000,0x00000007bf100000)
  from space 7680K, 99% used [0x00000007bf880000,0x00000007bfffd058,0x00000007c0000000)
  to   space 7680K, 0% used [0x00000007bf100000,0x00000007bf100000,0x00000007bf880000)
 ParOldGen       total 102912K, used 18248K [0x0000000700000000, 0x0000000706480000, 0x00000007bc400000)
  object space 102912K, 17% used [0x0000000700000000,0x00000007011d2040,0x0000000706480000)
 Metaspace       used 30118K, capacity 30453K, committed 30848K, reserved 1075200K
  class space    used 4053K, capacity 4132K, committed 4224K, reserved 1048576K
}

