# JRE version: Java(TM) SE Runtime Environment (8.0_66-b18) (build 1.8.0_66-b18)
# Java VM: Java HotSpot(TM) 64-Bit Server VM (25.66-b18 mixed mode windows-amd64 compressed oops)
Heap:
 PSYoungGen      total 53760K, used 17760K [0x00000007bc400000, 0x00000007c0000000, 0x00000007c0000000)
  eden space 46080K, 21% used [0x00000007bc400000,0x00000007bcddf2e0,0x00000007bf100000)
  from space 7680K, 99% used [0x00000007bf880000,0x00000007bfff9048,0x00000007c0000000)
  to   space 7680K, 0% used [0x00000007bf100000,0x00000007bf100000,0x00000007bf880000)
 ParOldGen       total 103424K, used 18036K [0x0000000700000000, 0x0000000706500000, 0x00000007bc400000)
  object space 103424K, 17% used [0x0000000700000000,0x000000070119d320,0x0000000706500000)
 Metaspace       used 32263K, capacity 32622K, committed 33024K, reserved 1077248K
  class space    used 4419K, capacity 4519K, committed 4608K, reserved 1048576K
GC Heap History (10 events):
Event: 0.640 GC heap before
{Heap before GC invocations=1 (full 0):
 PSYoungGen      total 53760K, used 46080K [0x00000007bc400000, 0x00000007c0000000, 0x00000007c0000000)
  eden space 46080K, 100% used [0x00000007bc400000,0x00000007bf100000,0x00000007bf100000)
  from space 7680K, 0% used [0x00000007bf880000,0x00000007bf880000,0x00000007c0000000)
  to   space 7680K, 0% used [0x00000007bf100000,0x00000007bf100000,0x00000007bf880000)
 ParOldGen       total 69632K, used 0K [0x0000000700000000, 0x0000000704400000, 0x00000007bc400000)
  object space 69632K, 0% used [0x0000000700000000,0x0000000700000000,0x0000000704400000)
 Metaspace       used 11954K, capacity 12158K, committed 12288K, reserved 1060864K
  class space    used 1160K, capacity 1227K, committed 1280K, reserved 1048576K
Event: 0.645 GC heap after
Heap after GC invocations=1 (full 0):
 PSYoungGen      total 53760K, used 7679K [0x00000007bc400000, 0x00000007c0000000, 0x00000007c0000000)
  eden space 46080K, 0% used [0x00000007bc400000,0x00000007bc400000,0x00000007bf100000)
  from space 7680K, 99% used [0x00000007bf100000,0x00000007bf87fdb0,0x00000007bf880000)
  to   space 7680K, 0% used [0x00000007bf880000,0x00000007bf880000,0x00000007c0000000)
 ParOldGen       total 69632K, used 1016K [0x0000000700000000, 0x0000000704400000, 0x00000007bc400000)
  object space 69632K, 1% used [0x0000000700000000,0x00000007000fe0d0,0x0000000704400000)
 Metaspace       used 11954K, capacity 12158K, committed 12288K, reserved 1060864K
  class space    used 1160K, capacity 1227K, committed 1280K, reserved 1048576K
}
Event: 1.017 GC heap before
{Heap before GC invocations=2 (full 0):
 PSYoungGen      total 53760K, used 49204K [0x00000007bc400000, 0x00000007c0000000, 0x00000007c0000000)
  eden space 46080K, 90% used [0x00000007bc400000,0x00000007bec8d318,0x00000007bf100000)
  from space 7680K, 99% used [0x00000007bf100000,0x00000007bf87fdb0,0x00000007bf880000)
  to   space 7680K, 0% used [0x00000007bf880000,0x00000007bf880000,0x00000007c0000000)
 ParOldGen       total 69632K, used 1016K [0x0000000700000000, 0x0000000704400000, 0x00000007bc400000)
  object space 69632K, 1% used [0x0000000700000000,0x00000007000fe0d0,0x0000000704400000)
 Metaspace       used 20910K, capacity 21084K, committed 21296K, reserved 1069056K
  class space    used 2582K, capacity 2643K, committed 2688K, reserved 1048576K
Event: 1.023 GC heap after
Heap after GC invocations=2 (full 0):
 PSYoungGen      total 53760K, used 7659K [0x00000007bc400000, 0x00000007c0000000, 0x00000007c0000000)
  eden space 46080K, 0% used [0x00000007bc400000,0x00000007bc400000,0x00000007bf100000)
  from space 7680K, 99% used [0x00000007bf880000,0x00000007bfffac20,0x00000007c0000000)
  to   space 7680K, 0% used [0x00000007bf100000,0x00000007bf100000,0x00000007bf880000)
 ParOldGen       total 69632K, used 7595K [0x0000000700000000, 0x0000000704400000, 0x00000007bc400000)
  object space 69632K, 10% used [0x0000000700000000,0x000000070076ace8,0x0000000704400000)
 Metaspace       used 20910K, capacity 21084K, committed 21296K, reserved 1069056K
  class space    used 2582K, capacity 2643K, committed 2688K, reserved 1048576K
}
Event: 1.023 GC heap before
{Heap before GC invocations=3 (full 1):
 PSYoungGen      total 53760K, used 7659K [0x00000007bc400000, 0x00000007c0000000, 0x00000007c0000000)
  eden space 46080K, 0% used [0x00000007bc400000,0x00000007bc400000,0x00000007bf100000)
  from space 7680K, 99% used [0x00000007bf880000,0x00000007bfffac20,0x00000007c0000000)
  to   space 7680K, 0% used [0x00000007bf100000,0x00000007bf100000,0x00000007bf880000)
 ParOldGen       total 69632K, used 7595K [0x0000000700000000, 0x0000000704400000, 0x00000007bc400000)
  object space 69632K, 10% used [0x0000000700000000,0x000000070076ace8,0x0000000704400000)
 Metaspace       used 20910K, capacity 21084K, committed 21296K, reserved 1069056K
  class space    used 2582K, capacity 2643K, committed 2688K, reserved 1048576K
Event: 1.064 GC heap after
Heap after GC invocations=3 (full 1):
 PSYoungGen      total 53760K, used 0K [0x00000007bc400000, 0x00000007c0000000, 0x00000007c0000000)
  eden space 46080K, 0% used [0x00000007bc400000,0x00000007bc400000,0x00000007bf100000)
  from space 7680K, 0% used [0x00000007bf880000,0x00000007bf880000,0x00000007c0000000)
  to   space 7680K, 0% used [0x00000007bf100000,0x00000007bf100000,0x00000007bf880000)
 ParOldGen       total 103424K, used 12547K [0x0000000700000000, 0x0000000706500000, 0x00000007bc400000)
  object space 103424K, 12% used [0x0000000700000000,0x0000000700c40ea8,0x0000000706500000)
 Metaspace       used 20910K, capacity 21084K, committed 21296K, reserved 1069056K
  class space    used 2582K, capacity 2643K, committed 2688K, reserved 1048576K
}
Event: 1.366 GC heap before
{Heap before GC invocations=4 (full 1):
 PSYoungGen      total 53760K, used 46080K [0x00000007bc400000, 0x00000007c0000000, 0x00000007c0000000)
  eden space 46080K, 100% used [0x00000007bc400000,0x00000007bf100000,0x00000007bf100000)
  from space 7680K, 0% used [0x00000007bf880000,0x00000007bf880000,0x00000007c0000000)
  to   space 7680K, 0% used [0x00000007bf100000,0x00000007bf100000,0x00000007bf880000)
 ParOldGen       total 103424K, used 12547K [0x0000000700000000, 0x0000000706500000, 0x00000007bc400000)
  object space 103424K, 12% used [0x0000000700000000,0x0000000700c40ea8,0x0000000706500000)
 Metaspace       used 26519K, capacity 26825K, committed 27008K, reserved 1073152K
  class space    used 3364K, capacity 3454K, committed 3456K, reserved 1048576K
Event: 1.369 GC heap after
Heap after GC invocations=4 (full 1):
 PSYoungGen      total 53760K, used 7656K [0x00000007bc400000, 0x00000007c0000000, 0x00000007c0000000)
  eden space 46080K, 0% used [0x00000007bc400000,0x00000007bc400000,0x00000007bf100000)
  from space 7680K, 99% used [0x00000007bf100000,0x00000007bf87a290,0x00000007bf880000)
  to   space 7680K, 0% used [0x00000007bf880000,0x00000007bf880000,0x00000007c0000000)
 ParOldGen       total 103424K, used 13624K [0x0000000700000000, 0x0000000706500000, 0x00000007bc400000)
  object space 103424K, 13% used [0x0000000700000000,0x0000000700d4e148,0x0000000706500000)
 Metaspace       used 26519K, capacity 26825K, committed 27008K, reserved 1073152K
  class space    used 3364K, capacity 3454K, committed 3456K, reserved 1048576K
}
Event: 1.685 GC heap before
{Heap before GC invocations=5 (full 1):
 PSYoungGen      total 53760K, used 53736K [0x00000007bc400000, 0x00000007c0000000, 0x00000007c0000000)
  eden space 46080K, 100% used [0x00000007bc400000,0x00000007bf100000,0x00000007bf100000)
  from space 7680K, 99% used [0x00000007bf100000,0x00000007bf87a290,0x00000007bf880000)
  to   space 7680K, 0% used [0x00000007bf880000,0x00000007bf880000,0x00000007c0000000)
 ParOldGen       total 103424K, used 13624K [0x0000000700000000, 0x0000000706500000, 0x00000007bc400000)
  object space 103424K, 13% used [0x0000000700000000,0x0000000700d4e148,0x0000000706500000)
 Metaspace       used 29947K, capacity 30197K, committed 30464K, reserved 1075200K
  class space    used 3998K, capacity 4068K, committed 4096K, reserved 1048576K
Event: 1.689 GC heap after
Heap after GC invocations=5 (full 1):
 PSYoungGen      total 53760K, used 7652K [0x00000007bc400000, 0x00000007c0000000, 0x00000007c0000000)
  eden space 46080K, 0% used [0x00000007bc400000,0x00000007bc400000,0x00000007bf100000)
  from space 7680K, 99% used [0x00000007bf880000,0x00000007bfff9048,0x00000007c0000000)
  to   space 7680K, 0% used [0x00000007bf100000,0x00000007bf100000,0x00000007bf880000)
 ParOldGen       total 103424K, used 18036K [0x0000000700000000, 0x0000000706500000, 0x00000007bc400000)
  object space 103424K, 17% used [0x0000000700000000,0x000000070119d320,0x0000000706500000)
 Metaspace       used 29947K, capacity 30197K, committed 30464K, reserved 1075200K
  class space    used 3998K, capacity 4068K, committed 4096K, reserved 1048576K
}

