# JRE version: Java(TM) SE Runtime Environment (8.0_66-b18) (build 1.8.0_66-b18)
# Java VM: Java HotSpot(TM) 64-Bit Server VM (25.66-b18 mixed mode windows-amd64 compressed oops)
Heap:
 PSYoungGen      total 53760K, used 17700K [0x00000007bc400000, 0x00000007c0000000, 0x00000007c0000000)
  eden space 46080K, 21% used [0x00000007bc400000,0x00000007bcdcc330,0x00000007bf100000)
  from space 7680K, 99% used [0x00000007bf880000,0x00000007bfffd058,0x00000007c0000000)
  to   space 7680K, 0% used [0x00000007bf100000,0x00000007bf100000,0x00000007bf880000)
 ParOldGen       total 102912K, used 18926K [0x0000000700000000, 0x0000000706480000, 0x00000007bc400000)
  object space 102912K, 18% used [0x0000000700000000,0x000000070127ba90,0x0000000706480000)
 Metaspace       used 32248K, capacity 32526K, committed 33024K, reserved 1077248K
  class space    used 4405K, capacity 4487K, committed 4608K, reserved 1048576K
GC Heap History (10 events):
Event: 0.678 GC heap before
{Heap before GC invocations=1 (full 0):
 PSYoungGen      total 53760K, used 46080K [0x00000007bc400000, 0x00000007c0000000, 0x00000007c0000000)
  eden space 46080K, 100% used [0x00000007bc400000,0x00000007bf100000,0x00000007bf100000)
  from space 7680K, 0% used [0x00000007bf880000,0x00000007bf880000,0x00000007c0000000)
  to   space 7680K, 0% used [0x00000007bf100000,0x00000007bf100000,0x00000007bf880000)
 ParOldGen       total 69632K, used 0K [0x0000000700000000, 0x0000000704400000, 0x00000007bc400000)
  object space 69632K, 0% used [0x0000000700000000,0x0000000700000000,0x0000000704400000)
 Metaspace       used 11943K, capacity 12158K, committed 12288K, reserved 1060864K
  class space    used 1160K, capacity 1227K, committed 1280K, reserved 1048576K
Event: 0.682 GC heap after
Heap after GC invocations=1 (full 0):
 PSYoungGen      total 53760K, used 7671K [0x00000007bc400000, 0x00000007c0000000, 0x00000007c0000000)
  eden space 46080K, 0% used [0x00000007bc400000,0x00000007bc400000,0x00000007bf100000)
  from space 7680K, 99% used [0x00000007bf100000,0x00000007bf87ddc0,0x00000007bf880000)
  to   space 7680K, 0% used [0x00000007bf880000,0x00000007bf880000,0x00000007c0000000)
 ParOldGen       total 69632K, used 1110K [0x0000000700000000, 0x0000000704400000, 0x00000007bc400000)
  object space 69632K, 1% used [0x0000000700000000,0x0000000700115830,0x0000000704400000)
 Metaspace       used 11943K, capacity 12158K, committed 12288K, reserved 1060864K
  class space    used 1160K, capacity 1227K, committed 1280K, reserved 1048576K
}
Event: 1.043 GC heap before
{Heap before GC invocations=2 (full 0):
 PSYoungGen      total 53760K, used 42271K [0x00000007bc400000, 0x00000007c0000000, 0x00000007c0000000)
  eden space 46080K, 75% used [0x00000007bc400000,0x00000007be5ca0f8,0x00000007bf100000)
  from space 7680K, 99% used [0x00000007bf100000,0x00000007bf87ddc0,0x00000007bf880000)
  to   space 7680K, 0% used [0x00000007bf880000,0x00000007bf880000,0x00000007c0000000)
 ParOldGen       total 69632K, used 1110K [0x0000000700000000, 0x0000000704400000, 0x00000007bc400000)
  object space 69632K, 1% used [0x0000000700000000,0x0000000700115830,0x0000000704400000)
 Metaspace       used 20906K, capacity 21084K, committed 21296K, reserved 1069056K
  class space    used 2584K, capacity 2643K, committed 2688K, reserved 1048576K
Event: 1.049 GC heap after
Heap after GC invocations=2 (full 0):
 PSYoungGen      total 53760K, used 7654K [0x00000007bc400000, 0x00000007c0000000, 0x00000007c0000000)
  eden space 46080K, 0% used [0x00000007bc400000,0x00000007bc400000,0x00000007bf100000)
  from space 7680K, 99% used [0x00000007bf880000,0x00000007bfff9970,0x00000007c0000000)
  to   space 7680K, 0% used [0x00000007bf100000,0x00000007bf100000,0x00000007bf880000)
 ParOldGen       total 69632K, used 7625K [0x0000000700000000, 0x0000000704400000, 0x00000007bc400000)
  object space 69632K, 10% used [0x0000000700000000,0x0000000700772728,0x0000000704400000)
 Metaspace       used 20906K, capacity 21084K, committed 21296K, reserved 1069056K
  class space    used 2584K, capacity 2643K, committed 2688K, reserved 1048576K
}
Event: 1.049 GC heap before
{Heap before GC invocations=3 (full 1):
 PSYoungGen      total 53760K, used 7654K [0x00000007bc400000, 0x00000007c0000000, 0x00000007c0000000)
  eden space 46080K, 0% used [0x00000007bc400000,0x00000007bc400000,0x00000007bf100000)
  from space 7680K, 99% used [0x00000007bf880000,0x00000007bfff9970,0x00000007c0000000)
  to   space 7680K, 0% used [0x00000007bf100000,0x00000007bf100000,0x00000007bf880000)
 ParOldGen       total 69632K, used 7625K [0x0000000700000000, 0x0000000704400000, 0x00000007bc400000)
  object space 69632K, 10% used [0x0000000700000000,0x0000000700772728,0x0000000704400000)
 Metaspace       used 20906K, capacity 21084K, committed 21296K, reserved 1069056K
  class space    used 2584K, capacity 2643K, committed 2688K, reserved 1048576K
Event: 1.089 GC heap after
Heap after GC invocations=3 (full 1):
 PSYoungGen      total 53760K, used 0K [0x00000007bc400000, 0x00000007c0000000, 0x00000007c0000000)
  eden space 46080K, 0% used [0x00000007bc400000,0x00000007bc400000,0x00000007bf100000)
  from space 7680K, 0% used [0x00000007bf880000,0x00000007bf880000,0x00000007c0000000)
  to   space 7680K, 0% used [0x00000007bf100000,0x00000007bf100000,0x00000007bf880000)
 ParOldGen       total 102912K, used 12566K [0x0000000700000000, 0x0000000706480000, 0x00000007bc400000)
  object space 102912K, 12% used [0x0000000700000000,0x0000000700c45a68,0x0000000706480000)
 Metaspace       used 20906K, capacity 21084K, committed 21296K, reserved 1069056K
  class space    used 2584K, capacity 2643K, committed 2688K, reserved 1048576K
}
Event: 1.393 GC heap before
{Heap before GC invocations=4 (full 1):
 PSYoungGen      total 53760K, used 46080K [0x00000007bc400000, 0x00000007c0000000, 0x00000007c0000000)
  eden space 46080K, 100% used [0x00000007bc400000,0x00000007bf100000,0x00000007bf100000)
  from space 7680K, 0% used [0x00000007bf880000,0x00000007bf880000,0x00000007c0000000)
  to   space 7680K, 0% used [0x00000007bf100000,0x00000007bf100000,0x00000007bf880000)
 ParOldGen       total 102912K, used 12566K [0x0000000700000000, 0x0000000706480000, 0x00000007bc400000)
  object space 102912K, 12% used [0x0000000700000000,0x0000000700c45a68,0x0000000706480000)
 Metaspace       used 26509K, capacity 26825K, committed 27008K, reserved 1073152K
  class space    used 3369K, capacity 3454K, committed 3456K, reserved 1048576K
Event: 1.397 GC heap after
Heap after GC invocations=4 (full 1):
 PSYoungGen      total 53760K, used 7662K [0x00000007bc400000, 0x00000007c0000000, 0x00000007c0000000)
  eden space 46080K, 0% used [0x00000007bc400000,0x00000007bc400000,0x00000007bf100000)
  from space 7680K, 99% used [0x00000007bf100000,0x00000007bf87b958,0x00000007bf880000)
  to   space 7680K, 0% used [0x00000007bf880000,0x00000007bf880000,0x00000007c0000000)
 ParOldGen       total 102912K, used 14562K [0x0000000700000000, 0x0000000706480000, 0x00000007bc400000)
  object space 102912K, 14% used [0x0000000700000000,0x0000000700e38bb8,0x0000000706480000)
 Metaspace       used 26509K, capacity 26825K, committed 27008K, reserved 1073152K
  class space    used 3369K, capacity 3454K, committed 3456K, reserved 1048576K
}
Event: 1.701 GC heap before
{Heap before GC invocations=5 (full 1):
 PSYoungGen      total 53760K, used 53742K [0x00000007bc400000, 0x00000007c0000000, 0x00000007c0000000)
  eden space 46080K, 100% used [0x00000007bc400000,0x00000007bf100000,0x00000007bf100000)
  from space 7680K, 99% used [0x00000007bf100000,0x00000007bf87b958,0x00000007bf880000)
  to   space 7680K, 0% used [0x00000007bf880000,0x00000007bf880000,0x00000007c0000000)
 ParOldGen       total 102912K, used 14562K [0x0000000700000000, 0x0000000706480000, 0x00000007bc400000)
  object space 102912K, 14% used [0x0000000700000000,0x0000000700e38bb8,0x0000000706480000)
 Metaspace       used 29938K, capacity 30197K, committed 30464K, reserved 1075200K
  class space    used 4000K, capacity 4068K, committed 4096K, reserved 1048576K
Event: 1.705 GC heap after
Heap after GC invocations=5 (full 1):
 PSYoungGen      total 53760K, used 7668K [0x00000007bc400000, 0x00000007c0000000, 0x00000007c0000000)
  eden space 46080K, 0% used [0x00000007bc400000,0x00000007bc400000,0x00000007bf100000)
  from space 7680K, 99% used [0x00000007bf880000,0x00000007bfffd058,0x00000007c0000000)
  to   space 7680K, 0% used [0x00000007bf100000,0x00000007bf100000,0x00000007bf880000)
 ParOldGen       total 102912K, used 18926K [0x0000000700000000, 0x0000000706480000, 0x00000007bc400000)
  object space 102912K, 18% used [0x0000000700000000,0x000000070127ba90,0x0000000706480000)
 Metaspace       used 29938K, capacity 30197K, committed 30464K, reserved 1075200K
  class space    used 4000K, capacity 4068K, committed 4096K, reserved 1048576K
}

